<?xml version="1.0" encoding="UTF-8"?>
<testng-results skipped="2" failed="0" total="3" passed="1">
  <reporter-output>
  </reporter-output>
  <suite name="Default suite" duration-ms="81" started-at="2017-03-04T08:13:32Z" finished-at="2017-03-04T08:13:33Z">
    <groups>
    </groups>
    <test name="Default test" duration-ms="81" started-at="2017-03-04T08:13:32Z" finished-at="2017-03-04T08:13:33Z">
      <class name="seleniumdemo.myseleniumapp.FirstTestClass">
        <test-method status="PASS" signature="beforeClass()[pri:0, instance:seleniumdemo.myseleniumapp.FirstTestClass@548a9f61]" name="beforeClass" is-config="true" duration-ms="14" started-at="2017-03-04T13:43:33Z" finished-at="2017-03-04T13:43:33Z">
          <reporter-output>
          </reporter-output>
        </test-method> <!-- beforeClass -->
        <test-method status="PASS" signature="beforeMethod()[pri:0, instance:seleniumdemo.myseleniumapp.FirstTestClass@548a9f61]" name="beforeMethod" is-config="true" duration-ms="0" started-at="2017-03-04T13:43:33Z" finished-at="2017-03-04T13:43:33Z">
          <reporter-output>
          </reporter-output>
        </test-method> <!-- beforeMethod -->
        <test-method status="PASS" signature="f()[pri:0, instance:seleniumdemo.myseleniumapp.FirstTestClass@548a9f61]" name="f" duration-ms="11" started-at="2017-03-04T13:43:33Z" finished-at="2017-03-04T13:43:33Z">
          <reporter-output>
          </reporter-output>
        </test-method> <!-- f -->
        <test-method status="FAIL" signature="afterMethod()[pri:0, instance:seleniumdemo.myseleniumapp.FirstTestClass@548a9f61]" name="afterMethod" is-config="true" duration-ms="0" started-at="2017-03-04T13:43:33Z" finished-at="2017-03-04T13:43:33Z">
          <exception class="java.lang.ArithmeticException">
            <message>
              <![CDATA[/ by zero]]>
            </message>
            <full-stacktrace>
              <![CDATA[java.lang.ArithmeticException: / by zero
	at seleniumdemo.myseleniumapp.FirstTestClass.afterMethod(FirstTestClass.java:39)
	at sun.reflect.NativeMethodAccessorImpl.invoke0(Native Method)
	at sun.reflect.NativeMethodAccessorImpl.invoke(NativeMethodAccessorImpl.java:62)
	at sun.reflect.DelegatingMethodAccessorImpl.invoke(DelegatingMethodAccessorImpl.java:43)
	at java.lang.reflect.Method.invoke(Method.java:498)
	at org.testng.internal.MethodInvocationHelper.invokeMethod(MethodInvocationHelper.java:86)
	at org.testng.internal.Invoker.invokeConfigurationMethod(Invoker.java:514)
	at org.testng.internal.Invoker.invokeConfigurations(Invoker.java:215)
	at org.testng.internal.Invoker.invokeMethod(Invoker.java:707)
	at org.testng.internal.Invoker.invokeTestMethod(Invoker.java:820)
	at org.testng.internal.Invoker.invokeTestMethods(Invoker.java:1128)
	at org.testng.internal.TestMethodWorker.invokeTestMethods(TestMethodWorker.java:129)
	at org.testng.internal.TestMethodWorker.run(TestMethodWorker.java:112)
	at org.testng.TestRunner.privateRun(TestRunner.java:782)
	at org.testng.TestRunner.run(TestRunner.java:632)
	at org.testng.SuiteRunner.runTest(SuiteRunner.java:366)
	at org.testng.SuiteRunner.runSequentially(SuiteRunner.java:361)
	at org.testng.SuiteRunner.privateRun(SuiteRunner.java:319)
	at org.testng.SuiteRunner.run(SuiteRunner.java:268)
	at org.testng.SuiteRunnerWorker.runSuite(SuiteRunnerWorker.java:52)
	at org.testng.SuiteRunnerWorker.run(SuiteRunnerWorker.java:86)
	at org.testng.TestNG.runSuitesSequentially(TestNG.java:1244)
	at org.testng.TestNG.runSuitesLocally(TestNG.java:1169)
	at org.testng.TestNG.run(TestNG.java:1064)
	at org.testng.remote.AbstractRemoteTestNG.run(AbstractRemoteTestNG.java:132)
	at org.testng.remote.RemoteTestNG.initAndRun(RemoteTestNG.java:230)
	at org.testng.remote.RemoteTestNG.main(RemoteTestNG.java:76)
]]>
            </full-stacktrace>
          </exception> <!-- java.lang.ArithmeticException -->
          <reporter-output>
          </reporter-output>
        </test-method> <!-- afterMethod -->
        <test-method status="SKIP" signature="beforeMethod()[pri:0, instance:seleniumdemo.myseleniumapp.FirstTestClass@548a9f61]" name="beforeMethod" is-config="true" duration-ms="0" started-at="2017-03-04T13:43:33Z" finished-at="2017-03-04T13:43:33Z">
          <reporter-output>
          </reporter-output>
        </test-method> <!-- beforeMethod -->
        <test-method status="SKIP" signature="f2()[pri:0, instance:seleniumdemo.myseleniumapp.FirstTestClass@548a9f61]" name="f2" duration-ms="2" started-at="2017-03-04T13:43:33Z" finished-at="2017-03-04T13:43:33Z">
          <reporter-output>
          </reporter-output>
        </test-method> <!-- f2 -->
        <test-method status="SKIP" signature="afterMethod()[pri:0, instance:seleniumdemo.myseleniumapp.FirstTestClass@548a9f61]" name="afterMethod" is-config="true" duration-ms="0" started-at="2017-03-04T13:43:33Z" finished-at="2017-03-04T13:43:33Z">
          <reporter-output>
          </reporter-output>
        </test-method> <!-- afterMethod -->
        <test-method status="SKIP" signature="beforeMethod()[pri:0, instance:seleniumdemo.myseleniumapp.FirstTestClass@548a9f61]" name="beforeMethod" is-config="true" duration-ms="0" started-at="2017-03-04T13:43:33Z" finished-at="2017-03-04T13:43:33Z">
          <reporter-output>
          </reporter-output>
        </test-method> <!-- beforeMethod -->
        <test-method status="SKIP" signature="f3()[pri:0, instance:seleniumdemo.myseleniumapp.FirstTestClass@548a9f61]" name="f3" duration-ms="2" started-at="2017-03-04T13:43:33Z" finished-at="2017-03-04T13:43:33Z">
          <reporter-output>
          </reporter-output>
        </test-method> <!-- f3 -->
        <test-method status="SKIP" signature="afterMethod()[pri:0, instance:seleniumdemo.myseleniumapp.FirstTestClass@548a9f61]" name="afterMethod" is-config="true" duration-ms="0" started-at="2017-03-04T13:43:33Z" finished-at="2017-03-04T13:43:33Z">
          <reporter-output>
          </reporter-output>
        </test-method> <!-- afterMethod -->
        <test-method status="SKIP" signature="afterClass()[pri:0, instance:seleniumdemo.myseleniumapp.FirstTestClass@548a9f61]" name="afterClass" is-config="true" duration-ms="0" started-at="2017-03-04T13:43:33Z" finished-at="2017-03-04T13:43:33Z">
          <reporter-output>
          </reporter-output>
        </test-method> <!-- afterClass -->
      </class> <!-- seleniumdemo.myseleniumapp.FirstTestClass -->
    </test> <!-- Default test -->
  </suite> <!-- Default suite -->
</testng-results>
